2018-03-30 11:18:03 INFO  Application:14 - Hello World Prod
2018-03-30 11:18:08 INFO  Application:14 - Hello World Prod
2018-03-30 11:18:20 INFO  Application:14 - Hello World Prod
2018-03-30 11:21:29 INFO  Application:14 - Hello World Prod
2018-03-30 11:22:31 INFO  Application:14 - Hello World Prod
2018-03-30 11:23:11 INFO  Application:14 - Hello World Prod
2018-03-30 11:23:42 INFO  Application:14 - Hello World Prod
2018-03-30 11:23:42 INFO  Application:14 - Hello World Prod
2018-03-30 11:23:42 INFO  Application:14 - Hello World Prod
2018-03-30 11:23:51 INFO  Application:14 - Hello World Prod
2018-03-30 11:23:51 INFO  Application:14 - Hello World Prod
2018-03-30 11:23:51 INFO  Application:14 - Hello World Prod
2018-03-30 12:16:00 ERROR PartnerController:32 - Error occurred in UserController: getUsers() : Error[com.fasterxml.jackson.databind.exc.MismatchedInputException: No content to map due to end-of-input
 at [Source: UNKNOWN; line: 1, column: 0]]
2018-03-30 12:16:00 ERROR PartnerController:32 - Error occurred in UserController: getUsers() : Error[com.fasterxml.jackson.databind.exc.MismatchedInputException: No content to map due to end-of-input
 at [Source: UNKNOWN; line: 1, column: 0]]
2018-03-30 12:16:00 ERROR PartnerController:32 - Error occurred in UserController: getUsers() : Error[com.fasterxml.jackson.databind.exc.MismatchedInputException: No content to map due to end-of-input
 at [Source: UNKNOWN; line: 1, column: 0]]
2018-03-30 12:17:11 ERROR PartnerController:32 - Error occurred in UserController: getUsers() : Error[com.fasterxml.jackson.databind.exc.MismatchedInputException: No content to map due to end-of-input
 at [Source: UNKNOWN; line: 1, column: 0]]
2018-03-30 12:17:11 ERROR PartnerController:32 - Error occurred in UserController: getUsers() : Error[com.fasterxml.jackson.databind.exc.MismatchedInputException: No content to map due to end-of-input
 at [Source: UNKNOWN; line: 1, column: 0]]
2018-03-30 12:17:11 ERROR PartnerController:32 - Error occurred in UserController: getUsers() : Error[com.fasterxml.jackson.databind.exc.MismatchedInputException: No content to map due to end-of-input
 at [Source: UNKNOWN; line: 1, column: 0]]
2018-03-30 12:20:47 ERROR PartnerController:32 - Error occurred in UserController: getUsers() : Error[java.io.FileNotFoundException: /data/accounts.json (No such file or directory)]
2018-03-30 12:20:47 ERROR PartnerController:32 - Error occurred in UserController: getUsers() : Error[java.io.FileNotFoundException: /data/accounts.json (No such file or directory)]
2018-03-30 12:20:47 ERROR PartnerController:32 - Error occurred in UserController: getUsers() : Error[java.io.FileNotFoundException: /data/accounts.json (No such file or directory)]
2018-03-30 12:21:19 ERROR PartnerController:32 - Error occurred in UserController: getUsers() : Error[java.io.FileNotFoundException: ../data/accounts.json (No such file or directory)]
2018-03-30 12:21:19 ERROR PartnerController:32 - Error occurred in UserController: getUsers() : Error[java.io.FileNotFoundException: ../data/accounts.json (No such file or directory)]
2018-03-30 12:21:19 ERROR PartnerController:32 - Error occurred in UserController: getUsers() : Error[java.io.FileNotFoundException: ../data/accounts.json (No such file or directory)]
2018-03-30 12:22:59 ERROR PartnerController:32 - Error occurred in UserController: getUsers() : Error[java.io.FileNotFoundException: /data/accounts.json (No such file or directory)]
2018-03-30 12:22:59 ERROR PartnerController:32 - Error occurred in UserController: getUsers() : Error[java.io.FileNotFoundException: /data/accounts.json (No such file or directory)]
2018-03-30 12:22:59 ERROR PartnerController:32 - Error occurred in UserController: getUsers() : Error[java.io.FileNotFoundException: /data/accounts.json (No such file or directory)]
2018-03-30 12:51:19 ERROR PartnerController:37 - Error occurred in PartnerController: getPartnerData() : Error[com.fasterxml.jackson.databind.exc.MismatchedInputException: Cannot construct instance of `org.joda.time.DateTime` (although at least one Creator exists): no String-argument constructor/factory method to deserialize from String value ('2015-09-04T09:04:24+00:00')
 at [Source: (File); line: 5, column: 15] (through reference chain: com.iflix.model.Partner["revocations"]->java.util.ArrayList[0]->com.iflix.model.Revocation["date"])]
2018-03-30 12:51:19 ERROR PartnerController:37 - Error occurred in PartnerController: getPartnerData() : Error[com.fasterxml.jackson.databind.exc.MismatchedInputException: Cannot construct instance of `org.joda.time.DateTime` (although at least one Creator exists): no String-argument constructor/factory method to deserialize from String value ('2015-09-04T09:04:24+00:00')
 at [Source: (File); line: 5, column: 15] (through reference chain: com.iflix.model.Partner["revocations"]->java.util.ArrayList[0]->com.iflix.model.Revocation["date"])]
2018-03-30 12:51:19 ERROR PartnerController:37 - Error occurred in PartnerController: getPartnerData() : Error[com.fasterxml.jackson.databind.exc.MismatchedInputException: Cannot construct instance of `org.joda.time.DateTime` (although at least one Creator exists): no String-argument constructor/factory method to deserialize from String value ('2015-09-04T09:04:24+00:00')
 at [Source: (File); line: 5, column: 15] (through reference chain: com.iflix.model.Partner["revocations"]->java.util.ArrayList[0]->com.iflix.model.Revocation["date"])]
2018-03-30 12:52:59 ERROR PartnerController:37 - Error occurred in PartnerController: getPartnerData() : Error[com.fasterxml.jackson.databind.exc.MismatchedInputException: Cannot construct instance of `org.joda.time.DateTime` (although at least one Creator exists): no String-argument constructor/factory method to deserialize from String value ('2015-02-21T15:10:01+00:00')
 at [Source: (File); line: 36, column: 15] (through reference chain: com.iflix.model.Partner["grants"]->java.util.ArrayList[0]->com.iflix.model.Grant["date"])]
2018-03-30 12:52:59 ERROR PartnerController:37 - Error occurred in PartnerController: getPartnerData() : Error[com.fasterxml.jackson.databind.exc.MismatchedInputException: Cannot construct instance of `org.joda.time.DateTime` (although at least one Creator exists): no String-argument constructor/factory method to deserialize from String value ('2015-02-21T15:10:01+00:00')
 at [Source: (File); line: 36, column: 15] (through reference chain: com.iflix.model.Partner["grants"]->java.util.ArrayList[0]->com.iflix.model.Grant["date"])]
2018-03-30 12:52:59 ERROR PartnerController:37 - Error occurred in PartnerController: getPartnerData() : Error[com.fasterxml.jackson.databind.exc.MismatchedInputException: Cannot construct instance of `org.joda.time.DateTime` (although at least one Creator exists): no String-argument constructor/factory method to deserialize from String value ('2015-02-21T15:10:01+00:00')
 at [Source: (File); line: 36, column: 15] (through reference chain: com.iflix.model.Partner["grants"]->java.util.ArrayList[0]->com.iflix.model.Grant["date"])]
2018-03-30 13:43:00 INFO  Application:55 - {"subscriptions":[{"Sally":{"amazecom":34,"wondertel":62}},{"Farhan":{"amazecom":34,"wondertel":62}}]}
2018-03-30 13:43:00 INFO  Application:55 - {"subscriptions":[{"Sally":{"amazecom":34,"wondertel":62}},{"Farhan":{"amazecom":34,"wondertel":62}}]}
2018-03-30 13:43:00 INFO  Application:55 - {"subscriptions":[{"Sally":{"amazecom":34,"wondertel":62}},{"Farhan":{"amazecom":34,"wondertel":62}}]}
2018-03-30 22:07:27 ERROR DataWriter:19 - Error occurred in PartnerController: getPartnerData() : Error[com.fasterxml.jackson.databind.exc.InvalidDefinitionException: No serializer found for class org.json.JSONObject and no properties discovered to create BeanSerializer (to avoid exception, disable SerializationFeature.FAIL_ON_EMPTY_BEANS)]
2018-03-30 22:07:27 ERROR DataWriter:19 - Error occurred in PartnerController: getPartnerData() : Error[com.fasterxml.jackson.databind.exc.InvalidDefinitionException: No serializer found for class org.json.JSONObject and no properties discovered to create BeanSerializer (to avoid exception, disable SerializationFeature.FAIL_ON_EMPTY_BEANS)]
2018-03-30 22:07:27 ERROR DataWriter:19 - Error occurred in PartnerController: getPartnerData() : Error[com.fasterxml.jackson.databind.exc.InvalidDefinitionException: No serializer found for class org.json.JSONObject and no properties discovered to create BeanSerializer (to avoid exception, disable SerializationFeature.FAIL_ON_EMPTY_BEANS)]
2018-03-30 22:08:21 ERROR DataWriter:19 - Error occurred in PartnerController: getPartnerData() : Error[com.fasterxml.jackson.databind.exc.InvalidDefinitionException: No serializer found for class org.json.JSONObject and no properties discovered to create BeanSerializer (to avoid exception, disable SerializationFeature.FAIL_ON_EMPTY_BEANS)]
2018-03-30 22:08:21 ERROR DataWriter:19 - Error occurred in PartnerController: getPartnerData() : Error[com.fasterxml.jackson.databind.exc.InvalidDefinitionException: No serializer found for class org.json.JSONObject and no properties discovered to create BeanSerializer (to avoid exception, disable SerializationFeature.FAIL_ON_EMPTY_BEANS)]
2018-03-30 22:08:21 ERROR DataWriter:19 - Error occurred in PartnerController: getPartnerData() : Error[com.fasterxml.jackson.databind.exc.InvalidDefinitionException: No serializer found for class org.json.JSONObject and no properties discovered to create BeanSerializer (to avoid exception, disable SerializationFeature.FAIL_ON_EMPTY_BEANS)]
2018-03-30 22:08:38 ERROR DataWriter:19 - Error occurred in DataWriter: writeDataToOutput() : Error[com.fasterxml.jackson.databind.exc.InvalidDefinitionException: No serializer found for class org.json.JSONObject and no properties discovered to create BeanSerializer (to avoid exception, disable SerializationFeature.FAIL_ON_EMPTY_BEANS)]
2018-03-30 22:08:38 ERROR DataWriter:19 - Error occurred in DataWriter: writeDataToOutput() : Error[com.fasterxml.jackson.databind.exc.InvalidDefinitionException: No serializer found for class org.json.JSONObject and no properties discovered to create BeanSerializer (to avoid exception, disable SerializationFeature.FAIL_ON_EMPTY_BEANS)]
2018-03-30 22:08:38 ERROR DataWriter:19 - Error occurred in DataWriter: writeDataToOutput() : Error[com.fasterxml.jackson.databind.exc.InvalidDefinitionException: No serializer found for class org.json.JSONObject and no properties discovered to create BeanSerializer (to avoid exception, disable SerializationFeature.FAIL_ON_EMPTY_BEANS)]
2018-03-30 22:13:11 ERROR DataWriter:22 - Error occurred in DataWriter: writeDataToOutput() : Error[com.fasterxml.jackson.databind.exc.InvalidDefinitionException: No serializer found for class org.json.JSONObject and no properties discovered to create BeanSerializer (to avoid exception, disable SerializationFeature.FAIL_ON_EMPTY_BEANS)]
2018-03-30 22:13:11 ERROR DataWriter:22 - Error occurred in DataWriter: writeDataToOutput() : Error[com.fasterxml.jackson.databind.exc.InvalidDefinitionException: No serializer found for class org.json.JSONObject and no properties discovered to create BeanSerializer (to avoid exception, disable SerializationFeature.FAIL_ON_EMPTY_BEANS)]
2018-03-30 22:13:11 ERROR DataWriter:22 - Error occurred in DataWriter: writeDataToOutput() : Error[com.fasterxml.jackson.databind.exc.InvalidDefinitionException: No serializer found for class org.json.JSONObject and no properties discovered to create BeanSerializer (to avoid exception, disable SerializationFeature.FAIL_ON_EMPTY_BEANS)]
2018-03-30 22:17:10 ERROR DataWriter:25 - Error occurred in DataWriter: writeDataToOutput() : Error[com.fasterxml.jackson.databind.exc.InvalidDefinitionException: No serializer found for class org.json.JSONObject and no properties discovered to create BeanSerializer (to avoid exception, disable SerializationFeature.FAIL_ON_EMPTY_BEANS)]
2018-03-30 22:17:10 ERROR DataWriter:25 - Error occurred in DataWriter: writeDataToOutput() : Error[com.fasterxml.jackson.databind.exc.InvalidDefinitionException: No serializer found for class org.json.JSONObject and no properties discovered to create BeanSerializer (to avoid exception, disable SerializationFeature.FAIL_ON_EMPTY_BEANS)]
2018-03-30 22:17:10 ERROR DataWriter:25 - Error occurred in DataWriter: writeDataToOutput() : Error[com.fasterxml.jackson.databind.exc.InvalidDefinitionException: No serializer found for class org.json.JSONObject and no properties discovered to create BeanSerializer (to avoid exception, disable SerializationFeature.FAIL_ON_EMPTY_BEANS)]
2018-03-30 22:25:58 ERROR DataWriter:25 - Error occurred in DataWriter: writeDataToOutput() : Error[com.fasterxml.jackson.databind.exc.InvalidDefinitionException: No serializer found for class org.json.JSONObject and no properties discovered to create BeanSerializer (to avoid exception, disable SerializationFeature.FAIL_ON_EMPTY_BEANS)]
2018-03-30 22:25:58 ERROR DataWriter:25 - Error occurred in DataWriter: writeDataToOutput() : Error[com.fasterxml.jackson.databind.exc.InvalidDefinitionException: No serializer found for class org.json.JSONObject and no properties discovered to create BeanSerializer (to avoid exception, disable SerializationFeature.FAIL_ON_EMPTY_BEANS)]
2018-03-30 22:25:58 ERROR DataWriter:25 - Error occurred in DataWriter: writeDataToOutput() : Error[com.fasterxml.jackson.databind.exc.InvalidDefinitionException: No serializer found for class org.json.JSONObject and no properties discovered to create BeanSerializer (to avoid exception, disable SerializationFeature.FAIL_ON_EMPTY_BEANS)]
2018-03-30 22:28:17 ERROR DataWriter:27 - Error occurred in DataWriter: writeDataToOutput() : Error[com.fasterxml.jackson.databind.exc.InvalidDefinitionException: No serializer found for class org.json.JSONObject and no properties discovered to create BeanSerializer (to avoid exception, disable SerializationFeature.FAIL_ON_EMPTY_BEANS)]
2018-03-30 22:28:17 ERROR DataWriter:27 - Error occurred in DataWriter: writeDataToOutput() : Error[com.fasterxml.jackson.databind.exc.InvalidDefinitionException: No serializer found for class org.json.JSONObject and no properties discovered to create BeanSerializer (to avoid exception, disable SerializationFeature.FAIL_ON_EMPTY_BEANS)]
2018-03-30 22:28:17 ERROR DataWriter:27 - Error occurred in DataWriter: writeDataToOutput() : Error[com.fasterxml.jackson.databind.exc.InvalidDefinitionException: No serializer found for class org.json.JSONObject and no properties discovered to create BeanSerializer (to avoid exception, disable SerializationFeature.FAIL_ON_EMPTY_BEANS)]
2018-03-30 22:30:54 ERROR DataWriter:27 - Error occurred in DataWriter: writeDataToOutput() : Error[com.fasterxml.jackson.databind.exc.InvalidDefinitionException: No serializer found for class org.json.JSONObject and no properties discovered to create BeanSerializer (to avoid exception, disable SerializationFeature.FAIL_ON_EMPTY_BEANS)]
2018-03-30 22:30:54 ERROR DataWriter:27 - Error occurred in DataWriter: writeDataToOutput() : Error[com.fasterxml.jackson.databind.exc.InvalidDefinitionException: No serializer found for class org.json.JSONObject and no properties discovered to create BeanSerializer (to avoid exception, disable SerializationFeature.FAIL_ON_EMPTY_BEANS)]
2018-03-30 22:30:54 ERROR DataWriter:27 - Error occurred in DataWriter: writeDataToOutput() : Error[com.fasterxml.jackson.databind.exc.InvalidDefinitionException: No serializer found for class org.json.JSONObject and no properties discovered to create BeanSerializer (to avoid exception, disable SerializationFeature.FAIL_ON_EMPTY_BEANS)]
2018-03-30 22:55:13 ERROR DataWriter:49 - Error occurred in DataWriter: writeDataToOutput() : Error[com.fasterxml.jackson.databind.exc.InvalidDefinitionException: No serializer found for class org.json.JSONObject and no properties discovered to create BeanSerializer (to avoid exception, disable SerializationFeature.FAIL_ON_EMPTY_BEANS)]
2018-03-30 22:55:13 ERROR DataWriter:49 - Error occurred in DataWriter: writeDataToOutput() : Error[com.fasterxml.jackson.databind.exc.InvalidDefinitionException: No serializer found for class org.json.JSONObject and no properties discovered to create BeanSerializer (to avoid exception, disable SerializationFeature.FAIL_ON_EMPTY_BEANS)]
2018-03-30 22:55:13 ERROR DataWriter:49 - Error occurred in DataWriter: writeDataToOutput() : Error[com.fasterxml.jackson.databind.exc.InvalidDefinitionException: No serializer found for class org.json.JSONObject and no properties discovered to create BeanSerializer (to avoid exception, disable SerializationFeature.FAIL_ON_EMPTY_BEANS)]
2018-03-30 23:02:28 INFO  DataWriter:21 - Results were successfully written to /data/result.json
2018-03-30 23:02:28 INFO  DataWriter:21 - Results were successfully written to /data/result.json
2018-03-30 23:02:28 INFO  DataWriter:21 - Results were successfully written to /data/result.json
2018-03-30 23:02:53 INFO  DataWriter:22 - Results were successfully written to /data/result.json @Fri Mar 30 23:02:53 IST 2018
2018-03-30 23:02:53 INFO  DataWriter:22 - Results were successfully written to /data/result.json @Fri Mar 30 23:02:53 IST 2018
2018-03-30 23:02:53 INFO  DataWriter:22 - Results were successfully written to /data/result.json @Fri Mar 30 23:02:53 IST 2018
2018-03-30 23:09:30 INFO  DataWriter:30 - Results were successfully written to /data/result.json @Fri Mar 30 23:09:30 IST 2018
2018-03-30 23:09:30 INFO  DataWriter:30 - Results were successfully written to /data/result.json @Fri Mar 30 23:09:30 IST 2018
2018-03-30 23:09:30 INFO  DataWriter:30 - Results were successfully written to /data/result.json @Fri Mar 30 23:09:30 IST 2018
2018-03-30 23:11:20 INFO  DataWriter:32 - Results were successfully written to /data/result.json @Fri Mar 30 23:11:20 IST 2018
2018-03-30 23:11:20 INFO  DataWriter:32 - Results were successfully written to /data/result.json @Fri Mar 30 23:11:20 IST 2018
2018-03-30 23:11:20 INFO  DataWriter:32 - Results were successfully written to /data/result.json @Fri Mar 30 23:11:20 IST 2018
2018-03-30 23:13:49 INFO  DataWriter:32 - Results were successfully written to /data/result.json @Fri Mar 30 23:13:49 IST 2018
2018-03-30 23:13:49 INFO  DataWriter:32 - Results were successfully written to /data/result.json @Fri Mar 30 23:13:49 IST 2018
2018-03-30 23:13:49 INFO  DataWriter:32 - Results were successfully written to /data/result.json @Fri Mar 30 23:13:49 IST 2018
2018-03-30 23:15:26 INFO  DataWriter:32 - Results were successfully written to /data/result.json @Fri Mar 30 23:15:26 IST 2018
2018-03-30 23:15:26 INFO  DataWriter:32 - Results were successfully written to /data/result.json @Fri Mar 30 23:15:26 IST 2018
2018-03-30 23:15:26 INFO  DataWriter:32 - Results were successfully written to /data/result.json @Fri Mar 30 23:15:26 IST 2018
